Unity Editor version:    2021.3.16f1 (4016570cf34f)
Branch:                  2021.3/staging
Build type:              Release
Batch mode:              YES
macOS version:           Version 11.4 (Build 20F71)
Darwin version:          20.5.0
Architecture:            arm64
Running under Rosetta:   NO
Available memory:        16384 MB
Using pre-set license
Pro License: YES

COMMAND LINE ARGUMENTS:
/Applications/Unity/Hub/Editor/2021.3.16f1/Unity.app/Contents/MacOS/Unity
-adb2
-batchMode
-noUpm
-name
AssetImportWorker0
-projectPath
/Users/joyceye/Documents/GitHub/Farming
-logFile
Logs/AssetImportWorker0.log
-srvPort
59776
Successfully changed project path to: /Users/joyceye/Documents/GitHub/Farming
/Users/joyceye/Documents/GitHub/Farming
[UnityMemory] Configuration Parameters - Can be set up in boot.config
    "memorysetup-bucket-allocator-granularity=16"
    "memorysetup-bucket-allocator-bucket-count=8"
    "memorysetup-bucket-allocator-block-size=33554432"
    "memorysetup-bucket-allocator-block-count=8"
    "memorysetup-main-allocator-block-size=16777216"
    "memorysetup-thread-allocator-block-size=16777216"
    "memorysetup-gfx-main-allocator-block-size=16777216"
    "memorysetup-gfx-thread-allocator-block-size=16777216"
    "memorysetup-cache-allocator-block-size=4194304"
    "memorysetup-typetree-allocator-block-size=2097152"
    "memorysetup-profiler-bucket-allocator-granularity=16"
    "memorysetup-profiler-bucket-allocator-bucket-count=8"
    "memorysetup-profiler-bucket-allocator-block-size=33554432"
    "memorysetup-profiler-bucket-allocator-block-count=8"
    "memorysetup-profiler-allocator-block-size=16777216"
    "memorysetup-profiler-editor-allocator-block-size=1048576"
    "memorysetup-temp-allocator-size-main=16777216"
    "memorysetup-job-temp-allocator-block-size=2097152"
    "memorysetup-job-temp-allocator-block-size-background=1048576"
    "memorysetup-job-temp-allocator-reduction-small-platforms=262144"
    "memorysetup-temp-allocator-size-background-worker=32768"
    "memorysetup-temp-allocator-size-job-worker=262144"
    "memorysetup-temp-allocator-size-preload-manager=33554432"
    "memorysetup-temp-allocator-size-nav-mesh-worker=65536"
    "memorysetup-temp-allocator-size-audio-worker=65536"
    "memorysetup-temp-allocator-size-cloud-worker=32768"
    "memorysetup-temp-allocator-size-gi-baking-worker=262144"
    "memorysetup-temp-allocator-size-gfx=262144"
Player connection [4431134016] Host "[IP] 192.168.68.108 [Port] 0 [Flags] 2 [Guid] 2595354788 [EditorId] 2595354788 [Version] 1048832 [Id] OSXEditor(0,Toms-MacBook-Pro.local) [Debug] 1 [PackageName] OSXEditor [ProjectName] Editor" joined multi-casting on [225.0.0.222:54997]...

Player connection [4431134016] Host "[IP] 192.168.68.108 [Port] 0 [Flags] 2 [Guid] 2595354788 [EditorId] 2595354788 [Version] 1048832 [Id] OSXEditor(0,Toms-MacBook-Pro.local) [Debug] 1 [PackageName] OSXEditor [ProjectName] Editor" joined alternative multi-casting on [225.0.0.222:34997]...

Refreshing native plugins compatible for Editor in 126.29 ms, found 3 plugins.
Preloading 0 native plugins for Editor in 0.00 ms.
Initialize engine version: 2021.3.16f1 (4016570cf34f)
[Subsystems] Discovering subsystems at path /Applications/Unity/Hub/Editor/2021.3.16f1/Unity.app/Contents/Resources/UnitySubsystems
[Subsystems] Discovering subsystems at path /Users/joyceye/Documents/GitHub/Farming/Assets
GfxDevice: creating device client; threaded=0; jobified=0
 preferred device: Apple M1 (high power)
Metal devices available: 1
0: Apple M1 (high power)
Using device Apple M1 (high power)
Initializing Metal device caps: Apple M1
Initialize mono
Mono path[0] = '/Applications/Unity/Hub/Editor/2021.3.16f1/Unity.app/Contents/Managed'
Mono path[1] = '/Applications/Unity/Hub/Editor/2021.3.16f1/Unity.app/Contents/MonoBleedingEdge/lib/mono/unityjit-macos'
Mono config path = '/Applications/Unity/Hub/Editor/2021.3.16f1/Unity.app/Contents/MonoBleedingEdge/etc'
Using monoOptions --debugger-agent=transport=dt_socket,embedding=1,server=y,suspend=n,address=127.0.0.1:56004
Begin MonoManager ReloadAssembly
Registering precompiled unity dll's ...
Register platform support module: /Applications/Unity/Hub/Editor/2021.3.16f1/PlaybackEngines/WebGLSupport/UnityEditor.WebGL.Extensions.dll
Register platform support module: /Applications/Unity/Hub/Editor/2021.3.16f1/Unity.app/Contents/PlaybackEngines/MacStandaloneSupport/UnityEditor.OSXStandalone.Extensions.dll
Registered in 0.005019 seconds.
Native extension for OSXStandalone target not found
Native extension for WebGL target not found
Refreshing native plugins compatible for Editor in 110.32 ms, found 3 plugins.
Preloading 0 native plugins for Editor in 0.00 ms.
Mono: successfully reloaded assembly
- Completed reload, in  0.548 seconds
Domain Reload Profiling:
	ReloadAssembly (549ms)
		BeginReloadAssembly (73ms)
			ExecutionOrderSort (0ms)
			DisableScriptedObjects (0ms)
			BackupInstance (0ms)
			ReleaseScriptingObjects (0ms)
			CreateAndSetChildDomain (1ms)
		EndReloadAssembly (383ms)
			LoadAssemblies (73ms)
			RebuildTransferFunctionScriptingTraits (0ms)
			SetupTypeCache (85ms)
			ReleaseScriptCaches (0ms)
			RebuildScriptCaches (22ms)
			SetupLoadedEditorAssemblies (243ms)
				LogAssemblyErrors (0ms)
				InitializePlatformSupportModulesInManaged (5ms)
				SetLoadedEditorAssemblies (0ms)
				RefreshPlugins (110ms)
				BeforeProcessingInitializeOnLoad (1ms)
				ProcessInitializeOnLoadAttributes (98ms)
				ProcessInitializeOnLoadMethodAttributes (29ms)
				AfterProcessingInitializeOnLoad (0ms)
				EditorAssembliesLoaded (0ms)
			ExecutionOrderSort2 (0ms)
			AwakeInstancesAfterBackupRestoration (0ms)
Platform modules already initialized, skipping
Registering precompiled user dll's ...
Registered in 0.002467 seconds.
Begin MonoManager ReloadAssembly
Symbol file LoadedFromMemory doesn't match image /Users/joyceye/Documents/GitHub/Farming/Library/PackageCache/com.unity.visualscripting@1.7.8/Editor/VisualScripting.Core/Dependencies/YamlDotNet/Unity.VisualScripting.YamlDotNet.dll
Symbol file LoadedFromMemory doesn't match image /Users/joyceye/Documents/GitHub/Farming/Library/PackageCache/com.unity.visualscripting@1.7.8/Editor/VisualScripting.Core/Dependencies/DotNetZip/Unity.VisualScripting.IonicZip.dll
Native extension for OSXStandalone target not found
Native extension for WebGL target not found
Refreshing native plugins compatible for Editor in 103.70 ms, found 3 plugins.
Preloading 0 native plugins for Editor in 0.00 ms.
Mono: successfully reloaded assembly
- Completed reload, in  1.107 seconds
Domain Reload Profiling:
	ReloadAssembly (1107ms)
		BeginReloadAssembly (66ms)
			ExecutionOrderSort (0ms)
			DisableScriptedObjects (4ms)
			BackupInstance (0ms)
			ReleaseScriptingObjects (0ms)
			CreateAndSetChildDomain (20ms)
		EndReloadAssembly (942ms)
			LoadAssemblies (221ms)
			RebuildTransferFunctionScriptingTraits (0ms)
			SetupTypeCache (216ms)
			ReleaseScriptCaches (1ms)
			RebuildScriptCaches (46ms)
			SetupLoadedEditorAssemblies (425ms)
				LogAssemblyErrors (0ms)
				InitializePlatformSupportModulesInManaged (2ms)
				SetLoadedEditorAssemblies (0ms)
				RefreshPlugins (104ms)
				BeforeProcessingInitializeOnLoad (86ms)
				ProcessInitializeOnLoadAttributes (175ms)
				ProcessInitializeOnLoadMethodAttributes (57ms)
				AfterProcessingInitializeOnLoad (1ms)
				EditorAssembliesLoaded (0ms)
			ExecutionOrderSort2 (0ms)
			AwakeInstancesAfterBackupRestoration (2ms)
Platform modules already initialized, skipping
========================================================================
Worker process is ready to serve import requests
Launching external process: /Applications/Unity/Hub/Editor/2021.3.16f1/Unity.app/Contents/Tools/UnityShaderCompiler
Launched and connected shader compiler UnityShaderCompiler after 0.05 seconds
Refreshing native plugins compatible for Editor in 0.71 ms, found 3 plugins.
Preloading 0 native plugins for Editor in 0.00 ms.
Unloading 5524 Unused Serialized files (Serialized files now loaded: 0)
Unloading 48 unused Assets / (1.0 MB). Loaded Objects now: 5969.
Memory consumption went from 207.7 MB to 206.7 MB.
Total: 3.318417 ms (FindLiveObjects: 0.199375 ms CreateObjectMapping: 0.070541 ms MarkObjects: 2.672667 ms  DeleteObjects: 0.375250 ms)

AssetImportParameters requested are different than current active one (requested -> active):
  custom:video-decoder-ogg-theora: a1e56fd34408186e4bbccfd4996cb3dc -> 
  custom:container-muxer-webm: aa71ff27fc2769a1b78a27578f13a17b -> 
  custom:container-demuxer-webm: 4f35f7cbe854078d1ac9338744f61a02 -> 
  custom:video-encoder-webm-vp8: eb34c28f22e8b96e1ab97ce403110664 -> 
  custom:framework-osx-AVFoundation: e770b220cccbd017edd2c1fefb359320 -> 
  custom:audio-encoder-webm-vorbis: bf7c407c2cedff20999df2af8eb42d56 -> 
  custom:container-demuxer-ogg: 62fdf1f143b41e24485cea50d1cbac27 -> 
  custom:video-decoder-webm-vp8: 9c59270c3fd7afecdb556c50c9e8de78 -> 
  custom:audio-decoder-ogg-vorbis: bf7c407c2cedff20999df2af8eb42d56 -> 
========================================================================
Received Import Request.
  Time since last request: 238828.791586 seconds.
  path: Assets/Animations
  artifactKey: Guid(8a740871e90494e3fa47b70773aec4df) Importer(815301076,1909f56bfc062723c751e8b465ee728b)
Start importing Assets/Animations using Guid(8a740871e90494e3fa47b70773aec4df) Importer(815301076,1909f56bfc062723c751e8b465ee728b)  -> (artifact id: '95fc71334c0bbddaf1410a7614425dd4') in 0.012759 seconds 
========================================================================
Received Import Request.
  Time since last request: 5.613630 seconds.
  path: Assets/Scripts
  artifactKey: Guid(f82b0c7c3873041bb93d8f83b8448194) Importer(815301076,1909f56bfc062723c751e8b465ee728b)
Start importing Assets/Scripts using Guid(f82b0c7c3873041bb93d8f83b8448194) Importer(815301076,1909f56bfc062723c751e8b465ee728b)  -> (artifact id: 'a8fada38fc9e2c3ec61674b717296e01') in 0.001111 seconds 
========================================================================
Received Import Request.
  Time since last request: 1.412818 seconds.
  path: Assets/Sprites
  artifactKey: Guid(9738d70fb82684d5c91d8ec92e5806d6) Importer(815301076,1909f56bfc062723c751e8b465ee728b)
Start importing Assets/Sprites using Guid(9738d70fb82684d5c91d8ec92e5806d6) Importer(815301076,1909f56bfc062723c751e8b465ee728b)  -> (artifact id: '205dab0f816d7e441acc5c4a5caf937c') in 0.001118 seconds 
========================================================================
Received Import Request.
  Time since last request: 0.110113 seconds.
  path: Assets/Sprites/free.png
  artifactKey: Guid(b4300c3fd515e44d98daa3e537dc147d) Importer(815301076,1909f56bfc062723c751e8b465ee728b)
Start importing Assets/Sprites/free.png using Guid(b4300c3fd515e44d98daa3e537dc147d) Importer(815301076,1909f56bfc062723c751e8b465ee728b)  -> (artifact id: '5cc069ed00c5b2d97c698139a2038f53') in 0.896291 seconds 
========================================================================
Received Import Request.
  Time since last request: 227.287716 seconds.
  path: Assets/Scenes/New Universal Render Pipeline Asset_Renderer.asset
  artifactKey: Guid(fdf585d3ca468405c86d85d3f79c57fa) Importer(815301076,1909f56bfc062723c751e8b465ee728b)
Start importing Assets/Scenes/New Universal Render Pipeline Asset_Renderer.asset using Guid(fdf585d3ca468405c86d85d3f79c57fa) Importer(815301076,1909f56bfc062723c751e8b465ee728b)  -> (artifact id: '72876bb8e0ad763402462aa88974a9ac') in 0.427560 seconds 
========================================================================
Received Import Request.
  Time since last request: 0.991820 seconds.
  path: Assets/Settings/Lit2DSceneTemplate.scenetemplate
  artifactKey: Guid(d03ed43fc9d8a4f2e9fa70c1c7916eb9) Importer(815301076,1909f56bfc062723c751e8b465ee728b)
Start importing Assets/Settings/Lit2DSceneTemplate.scenetemplate using Guid(d03ed43fc9d8a4f2e9fa70c1c7916eb9) Importer(815301076,1909f56bfc062723c751e8b465ee728b)  -> (artifact id: '26ab9f2b745064177a22a0493b270989') in 0.216598 seconds 
========================================================================
Received Import Request.
  Time since last request: 85.491757 seconds.
  path: Assets/Animations/Player.controller
  artifactKey: Guid(b50c7b80a79df4a1d976a7d398214dfb) Importer(815301076,1909f56bfc062723c751e8b465ee728b)
Start importing Assets/Animations/Player.controller using Guid(b50c7b80a79df4a1d976a7d398214dfb) Importer(815301076,1909f56bfc062723c751e8b465ee728b)  -> (artifact id: '836c24074481fedbac392e6c5ed6ae52') in 0.107838 seconds 
========================================================================
Received Prepare
Registering precompiled user dll's ...
Registered in 0.001782 seconds.
Begin MonoManager ReloadAssembly
Thread 0x29e487000 may have been prematurely finalized
Symbol file LoadedFromMemory doesn't match image /Users/joyceye/Documents/GitHub/Farming/Library/PackageCache/com.unity.visualscripting@1.7.8/Editor/VisualScripting.Core/Dependencies/YamlDotNet/Unity.VisualScripting.YamlDotNet.dll
Symbol file LoadedFromMemory doesn't match image /Users/joyceye/Documents/GitHub/Farming/Library/PackageCache/com.unity.visualscripting@1.7.8/Editor/VisualScripting.Core/Dependencies/DotNetZip/Unity.VisualScripting.IonicZip.dll
Native extension for OSXStandalone target not found
Native extension for WebGL target not found
Refreshing native plugins compatible for Editor in 0.88 ms, found 3 plugins.
Preloading 0 native plugins for Editor in 0.00 ms.
Mono: successfully reloaded assembly
- Completed reload, in  0.966 seconds
Domain Reload Profiling:
	ReloadAssembly (970ms)
		BeginReloadAssembly (188ms)
			ExecutionOrderSort (0ms)
			DisableScriptedObjects (13ms)
			BackupInstance (0ms)
			ReleaseScriptingObjects (0ms)
			CreateAndSetChildDomain (92ms)
		EndReloadAssembly (701ms)
			LoadAssemblies (92ms)
			RebuildTransferFunctionScriptingTraits (0ms)
			SetupTypeCache (240ms)
			ReleaseScriptCaches (2ms)
			RebuildScriptCaches (41ms)
			SetupLoadedEditorAssemblies (303ms)
				LogAssemblyErrors (0ms)
				InitializePlatformSupportModulesInManaged (7ms)
				SetLoadedEditorAssemblies (0ms)
				RefreshPlugins (1ms)
				BeforeProcessingInitializeOnLoad (65ms)
				ProcessInitializeOnLoadAttributes (170ms)
				ProcessInitializeOnLoadMethodAttributes (58ms)
				AfterProcessingInitializeOnLoad (1ms)
				EditorAssembliesLoaded (0ms)
			ExecutionOrderSort2 (0ms)
			AwakeInstancesAfterBackupRestoration (5ms)
Platform modules already initialized, skipping
Refreshing native plugins compatible for Editor in 1.96 ms, found 3 plugins.
Preloading 0 native plugins for Editor in 0.00 ms.
Unloading 5397 Unused Serialized files (Serialized files now loaded: 0)
Unloading 35 unused Assets / (1.0 MB). Loaded Objects now: 5987.
Memory consumption went from 217.3 MB to 216.3 MB.
Total: 3.575584 ms (FindLiveObjects: 0.235250 ms CreateObjectMapping: 0.087916 ms MarkObjects: 2.918417 ms  DeleteObjects: 0.333209 ms)

AssetImportParameters requested are different than current active one (requested -> active):
  custom:video-decoder-ogg-theora: a1e56fd34408186e4bbccfd4996cb3dc -> 
  custom:container-muxer-webm: aa71ff27fc2769a1b78a27578f13a17b -> 
  custom:container-demuxer-webm: 4f35f7cbe854078d1ac9338744f61a02 -> 
  custom:video-encoder-webm-vp8: eb34c28f22e8b96e1ab97ce403110664 -> 
  custom:framework-osx-AVFoundation: e770b220cccbd017edd2c1fefb359320 -> 
  custom:audio-encoder-webm-vorbis: bf7c407c2cedff20999df2af8eb42d56 -> 
  custom:container-demuxer-ogg: 62fdf1f143b41e24485cea50d1cbac27 -> 
  custom:video-decoder-webm-vp8: 9c59270c3fd7afecdb556c50c9e8de78 -> 
  custom:audio-decoder-ogg-vorbis: bf7c407c2cedff20999df2af8eb42d56 -> 
========================================================================
Received Prepare
Registering precompiled user dll's ...
Registered in 0.001842 seconds.
Begin MonoManager ReloadAssembly
Thread 0x16e20b000 may have been prematurely finalized
Symbol file LoadedFromMemory doesn't match image /Users/joyceye/Documents/GitHub/Farming/Library/PackageCache/com.unity.visualscripting@1.7.8/Editor/VisualScripting.Core/Dependencies/YamlDotNet/Unity.VisualScripting.YamlDotNet.dll
Symbol file LoadedFromMemory doesn't match image /Users/joyceye/Documents/GitHub/Farming/Library/PackageCache/com.unity.visualscripting@1.7.8/Editor/VisualScripting.Core/Dependencies/DotNetZip/Unity.VisualScripting.IonicZip.dll
Native extension for OSXStandalone target not found
Native extension for WebGL target not found
Refreshing native plugins compatible for Editor in 1.09 ms, found 3 plugins.
Preloading 0 native plugins for Editor in 0.00 ms.
Mono: successfully reloaded assembly
- Completed reload, in  0.846 seconds
Domain Reload Profiling:
	ReloadAssembly (846ms)
		BeginReloadAssembly (105ms)
			ExecutionOrderSort (0ms)
			DisableScriptedObjects (5ms)
			BackupInstance (0ms)
			ReleaseScriptingObjects (0ms)
			CreateAndSetChildDomain (54ms)
		EndReloadAssembly (670ms)
			LoadAssemblies (44ms)
			RebuildTransferFunctionScriptingTraits (0ms)
			SetupTypeCache (221ms)
			ReleaseScriptCaches (2ms)
			RebuildScriptCaches (42ms)
			SetupLoadedEditorAssemblies (316ms)
				LogAssemblyErrors (0ms)
				InitializePlatformSupportModulesInManaged (7ms)
				SetLoadedEditorAssemblies (0ms)
				RefreshPlugins (1ms)
				BeforeProcessingInitializeOnLoad (65ms)
				ProcessInitializeOnLoadAttributes (180ms)
				ProcessInitializeOnLoadMethodAttributes (61ms)
				AfterProcessingInitializeOnLoad (1ms)
				EditorAssembliesLoaded (0ms)
			ExecutionOrderSort2 (0ms)
			AwakeInstancesAfterBackupRestoration (5ms)
Platform modules already initialized, skipping
Refreshing native plugins compatible for Editor in 1.38 ms, found 3 plugins.
Preloading 0 native plugins for Editor in 0.00 ms.
Unloading 5397 Unused Serialized files (Serialized files now loaded: 0)
Unloading 35 unused Assets / (1.0 MB). Loaded Objects now: 5990.
Memory consumption went from 217.3 MB to 216.3 MB.
Total: 3.922667 ms (FindLiveObjects: 0.524917 ms CreateObjectMapping: 0.110250 ms MarkObjects: 2.858542 ms  DeleteObjects: 0.428208 ms)

AssetImportParameters requested are different than current active one (requested -> active):
  custom:video-decoder-ogg-theora: a1e56fd34408186e4bbccfd4996cb3dc -> 
  custom:container-muxer-webm: aa71ff27fc2769a1b78a27578f13a17b -> 
  custom:container-demuxer-webm: 4f35f7cbe854078d1ac9338744f61a02 -> 
  custom:video-encoder-webm-vp8: eb34c28f22e8b96e1ab97ce403110664 -> 
  custom:framework-osx-AVFoundation: e770b220cccbd017edd2c1fefb359320 -> 
  custom:audio-encoder-webm-vorbis: bf7c407c2cedff20999df2af8eb42d56 -> 
  custom:container-demuxer-ogg: 62fdf1f143b41e24485cea50d1cbac27 -> 
  custom:video-decoder-webm-vp8: 9c59270c3fd7afecdb556c50c9e8de78 -> 
  custom:audio-decoder-ogg-vorbis: bf7c407c2cedff20999df2af8eb42d56 -> 
========================================================================
Received Import Request.
  Time since last request: 14671.158307 seconds.
  path: Assets/Animations/Walk_Left_Down.anim
  artifactKey: Guid(2bcb8ef0d7f6e421e954571cd9b49246) Importer(815301076,1909f56bfc062723c751e8b465ee728b)
Start importing Assets/Animations/Walk_Left_Down.anim using Guid(2bcb8ef0d7f6e421e954571cd9b49246) Importer(815301076,1909f56bfc062723c751e8b465ee728b)  -> (artifact id: '57964415aae858fc8228e3a6a8ebcb1e') in 0.242934 seconds 
========================================================================
Received Prepare
Registering precompiled user dll's ...
Registered in 0.001644 seconds.
Begin MonoManager ReloadAssembly
Thread 0x16e20b000 may have been prematurely finalized
Symbol file LoadedFromMemory doesn't match image /Users/joyceye/Documents/GitHub/Farming/Library/PackageCache/com.unity.visualscripting@1.7.8/Editor/VisualScripting.Core/Dependencies/YamlDotNet/Unity.VisualScripting.YamlDotNet.dll
Symbol file LoadedFromMemory doesn't match image /Users/joyceye/Documents/GitHub/Farming/Library/PackageCache/com.unity.visualscripting@1.7.8/Editor/VisualScripting.Core/Dependencies/DotNetZip/Unity.VisualScripting.IonicZip.dll
Native extension for OSXStandalone target not found
Native extension for WebGL target not found
Refreshing native plugins compatible for Editor in 1.00 ms, found 3 plugins.
Preloading 0 native plugins for Editor in 0.00 ms.
Mono: successfully reloaded assembly
- Completed reload, in  0.902 seconds
Domain Reload Profiling:
	ReloadAssembly (903ms)
		BeginReloadAssembly (137ms)
			ExecutionOrderSort (0ms)
			DisableScriptedObjects (6ms)
			BackupInstance (0ms)
			ReleaseScriptingObjects (0ms)
			CreateAndSetChildDomain (81ms)
		EndReloadAssembly (691ms)
			LoadAssemblies (45ms)
			RebuildTransferFunctionScriptingTraits (0ms)
			SetupTypeCache (240ms)
			ReleaseScriptCaches (2ms)
			RebuildScriptCaches (42ms)
			SetupLoadedEditorAssemblies (315ms)
				LogAssemblyErrors (0ms)
				InitializePlatformSupportModulesInManaged (7ms)
				SetLoadedEditorAssemblies (0ms)
				RefreshPlugins (1ms)
				BeforeProcessingInitializeOnLoad (66ms)
				ProcessInitializeOnLoadAttributes (180ms)
				ProcessInitializeOnLoadMethodAttributes (59ms)
				AfterProcessingInitializeOnLoad (1ms)
				EditorAssembliesLoaded (0ms)
			ExecutionOrderSort2 (0ms)
			AwakeInstancesAfterBackupRestoration (5ms)
Platform modules already initialized, skipping
Refreshing native plugins compatible for Editor in 1.47 ms, found 3 plugins.
Preloading 0 native plugins for Editor in 0.00 ms.
Unloading 5397 Unused Serialized files (Serialized files now loaded: 0)
Unloading 35 unused Assets / (1.0 MB). Loaded Objects now: 5993.
Memory consumption went from 221.4 MB to 220.4 MB.
Total: 3.607417 ms (FindLiveObjects: 0.254416 ms CreateObjectMapping: 0.082167 ms MarkObjects: 2.917875 ms  DeleteObjects: 0.352584 ms)

AssetImportParameters requested are different than current active one (requested -> active):
  custom:video-decoder-ogg-theora: a1e56fd34408186e4bbccfd4996cb3dc -> 
  custom:container-muxer-webm: aa71ff27fc2769a1b78a27578f13a17b -> 
  custom:container-demuxer-webm: 4f35f7cbe854078d1ac9338744f61a02 -> 
  custom:video-encoder-webm-vp8: eb34c28f22e8b96e1ab97ce403110664 -> 
  custom:framework-osx-AVFoundation: e770b220cccbd017edd2c1fefb359320 -> 
  custom:audio-encoder-webm-vorbis: bf7c407c2cedff20999df2af8eb42d56 -> 
  custom:container-demuxer-ogg: 62fdf1f143b41e24485cea50d1cbac27 -> 
  custom:video-decoder-webm-vp8: 9c59270c3fd7afecdb556c50c9e8de78 -> 
  custom:audio-decoder-ogg-vorbis: bf7c407c2cedff20999df2af8eb42d56 -> 
========================================================================
Received Import Request.
  Time since last request: 124.373750 seconds.
  path: Assets/Sprites/TilePalettes/BackgroundTiles.prefab
  artifactKey: Guid(1cca5833ddbb143b1ae43bb197927026) Importer(815301076,1909f56bfc062723c751e8b465ee728b)
Start importing Assets/Sprites/TilePalettes/BackgroundTiles.prefab using Guid(1cca5833ddbb143b1ae43bb197927026) Importer(815301076,1909f56bfc062723c751e8b465ee728b)  -> (artifact id: '067527e0e7a591be6bf8e2ee5881d2d5') in 0.498901 seconds 
========================================================================
Received Import Request.
  Time since last request: 0.000191 seconds.
  path: Assets/Sprites/TilePalettes/free_32.asset
  artifactKey: Guid(16abd8def8a144cd78c0ccc9f3c93678) Importer(815301076,1909f56bfc062723c751e8b465ee728b)
Start importing Assets/Sprites/TilePalettes/free_32.asset using Guid(16abd8def8a144cd78c0ccc9f3c93678) Importer(815301076,1909f56bfc062723c751e8b465ee728b)  -> (artifact id: '9f78cba54c660c4da6c748135ca2908d') in 0.017753 seconds 
========================================================================
Received Import Request.
  Time since last request: 0.000053 seconds.
  path: Assets/Sprites/TilePalettes/free_41.asset
  artifactKey: Guid(f108681d5027a4ad282631c3199532db) Importer(815301076,1909f56bfc062723c751e8b465ee728b)
Start importing Assets/Sprites/TilePalettes/free_41.asset using Guid(f108681d5027a4ad282631c3199532db) Importer(815301076,1909f56bfc062723c751e8b465ee728b)  -> (artifact id: '654809478df77998c3f42327a73b0842') in 0.005461 seconds 
========================================================================
Received Import Request.
  Time since last request: 0.000044 seconds.
  path: Assets/Sprites/TilePalettes/free_42.asset
  artifactKey: Guid(742742211b92044ab9636917926f440c) Importer(815301076,1909f56bfc062723c751e8b465ee728b)
Start importing Assets/Sprites/TilePalettes/free_42.asset using Guid(742742211b92044ab9636917926f440c) Importer(815301076,1909f56bfc062723c751e8b465ee728b)  -> (artifact id: '4040430a789a267cc2a011cd48b52916') in 0.004191 seconds 
========================================================================
Received Import Request.
  Time since last request: 0.000043 seconds.
  path: Assets/Sprites/TilePalettes/free_33.asset
  artifactKey: Guid(27391ccf7f4f6472f9666aa9f55c3a01) Importer(815301076,1909f56bfc062723c751e8b465ee728b)
Start importing Assets/Sprites/TilePalettes/free_33.asset using Guid(27391ccf7f4f6472f9666aa9f55c3a01) Importer(815301076,1909f56bfc062723c751e8b465ee728b)  -> (artifact id: 'a47da6a99dc218e435d1848f0c122147') in 0.003204 seconds 
========================================================================
Received Import Request.
  Time since last request: 0.000063 seconds.
  path: Assets/Sprites/TilePalettes/free_43.asset
  artifactKey: Guid(02fe5cfa9738e468d829b513b717dd70) Importer(815301076,1909f56bfc062723c751e8b465ee728b)
Start importing Assets/Sprites/TilePalettes/free_43.asset using Guid(02fe5cfa9738e468d829b513b717dd70) Importer(815301076,1909f56bfc062723c751e8b465ee728b)  -> (artifact id: '50aaa9b9afb45e9887f9f019a083d2c3') in 0.004058 seconds 
========================================================================
Received Import Request.
  Time since last request: 0.000040 seconds.
  path: Assets/Sprites/TilePalettes/free_18.asset
  artifactKey: Guid(902000ea219994865a3c3d705d473c43) Importer(815301076,1909f56bfc062723c751e8b465ee728b)
Start importing Assets/Sprites/TilePalettes/free_18.asset using Guid(902000ea219994865a3c3d705d473c43) Importer(815301076,1909f56bfc062723c751e8b465ee728b)  -> (artifact id: '178c4c715cff1d3c03e31500219b6018') in 0.003546 seconds 
========================================================================
Received Import Request.
  Time since last request: 0.000055 seconds.
  path: Assets/Sprites/TilePalettes/free_1.asset
  artifactKey: Guid(7d349e40a9b1c46b7aac54ee99df1893) Importer(815301076,1909f56bfc062723c751e8b465ee728b)
Start importing Assets/Sprites/TilePalettes/free_1.asset using Guid(7d349e40a9b1c46b7aac54ee99df1893) Importer(815301076,1909f56bfc062723c751e8b465ee728b)  -> (artifact id: '26709dccae4946e65f8d7cececb6a2a4') in 0.004962 seconds 
========================================================================
Received Import Request.
  Time since last request: 0.000065 seconds.
  path: Assets/Sprites/TilePalettes/free_24.asset
  artifactKey: Guid(176c5af3889d145b8972e30013cf7fd3) Importer(815301076,1909f56bfc062723c751e8b465ee728b)
Start importing Assets/Sprites/TilePalettes/free_24.asset using Guid(176c5af3889d145b8972e30013cf7fd3) Importer(815301076,1909f56bfc062723c751e8b465ee728b)  -> (artifact id: '63022ff51ba3f0f92534a23094e1b2aa') in 0.003743 seconds 
========================================================================
Received Import Request.
  Time since last request: 0.000046 seconds.
  path: Assets/Sprites/TilePalettes/free_20.asset
  artifactKey: Guid(e667ab5e191d5456482de42ccc788959) Importer(815301076,1909f56bfc062723c751e8b465ee728b)
Start importing Assets/Sprites/TilePalettes/free_20.asset using Guid(e667ab5e191d5456482de42ccc788959) Importer(815301076,1909f56bfc062723c751e8b465ee728b)  -> (artifact id: 'dff13784faa363cb17b555c1af57f4ba') in 0.004105 seconds 
========================================================================
Received Import Request.
  Time since last request: 2.184324 seconds.
  path: Assets/Sprites/TilePalettes/free_48.asset
  artifactKey: Guid(c423ef340a996485ea223297adc1299f) Importer(815301076,1909f56bfc062723c751e8b465ee728b)
Start importing Assets/Sprites/TilePalettes/free_48.asset using Guid(c423ef340a996485ea223297adc1299f) Importer(815301076,1909f56bfc062723c751e8b465ee728b)  -> (artifact id: '74fd7bd4c896ec680c326334cbdd728e') in 0.005813 seconds 
========================================================================
Received Import Request.
  Time since last request: 0.000066 seconds.
  path: Assets/Sprites/TilePalettes/free_59.asset
  artifactKey: Guid(c582b9abed0e041fa9f1ccb2bd1501a2) Importer(815301076,1909f56bfc062723c751e8b465ee728b)
Start importing Assets/Sprites/TilePalettes/free_59.asset using Guid(c582b9abed0e041fa9f1ccb2bd1501a2) Importer(815301076,1909f56bfc062723c751e8b465ee728b)  -> (artifact id: 'c13a0291c3ddd2aee079ac7240210af0') in 0.004642 seconds 
========================================================================
Received Import Request.
  Time since last request: 0.000058 seconds.
  path: Assets/Sprites/TilePalettes/free_54.asset
  artifactKey: Guid(366aa34999d9a4365935f34cef3c0005) Importer(815301076,1909f56bfc062723c751e8b465ee728b)
Start importing Assets/Sprites/TilePalettes/free_54.asset using Guid(366aa34999d9a4365935f34cef3c0005) Importer(815301076,1909f56bfc062723c751e8b465ee728b)  -> (artifact id: '2c21b853e39099c0218695a4d86a93ea') in 0.007977 seconds 
========================================================================
Received Import Request.
  Time since last request: 0.000072 seconds.
  path: Assets/Sprites/TilePalettes/free_51.asset
  artifactKey: Guid(47956a743eac94fdc96b233938e5bc78) Importer(815301076,1909f56bfc062723c751e8b465ee728b)
Start importing Assets/Sprites/TilePalettes/free_51.asset using Guid(47956a743eac94fdc96b233938e5bc78) Importer(815301076,1909f56bfc062723c751e8b465ee728b)  -> (artifact id: 'ea6111165668575eae881c775107d18d') in 0.005565 seconds 
========================================================================
Received Import Request.
  Time since last request: 0.000087 seconds.
  path: Assets/Sprites/TilePalettes/free_61.asset
  artifactKey: Guid(ba864432ce0b34f18a4ae284ef6ab74e) Importer(815301076,1909f56bfc062723c751e8b465ee728b)
Start importing Assets/Sprites/TilePalettes/free_61.asset using Guid(ba864432ce0b34f18a4ae284ef6ab74e) Importer(815301076,1909f56bfc062723c751e8b465ee728b)  -> (artifact id: 'e0cb3fc2e7a2628d54f09d1e18a8b760') in 0.007844 seconds 
========================================================================
Received Import Request.
  Time since last request: 0.000063 seconds.
  path: Assets/Sprites/TilePalettes/free_65.asset
  artifactKey: Guid(778be17215d454118b2951ab9769242d) Importer(815301076,1909f56bfc062723c751e8b465ee728b)
Start importing Assets/Sprites/TilePalettes/free_65.asset using Guid(778be17215d454118b2951ab9769242d) Importer(815301076,1909f56bfc062723c751e8b465ee728b)  -> (artifact id: 'c7828e62cdeb545f985b2dedeb509129') in 0.003819 seconds 
========================================================================
Received Import Request.
  Time since last request: 0.000093 seconds.
  path: Assets/Sprites/TilePalettes/free_79.asset
  artifactKey: Guid(4524ee7568fba49729e7d4247cbcefcc) Importer(815301076,1909f56bfc062723c751e8b465ee728b)
Start importing Assets/Sprites/TilePalettes/free_79.asset using Guid(4524ee7568fba49729e7d4247cbcefcc) Importer(815301076,1909f56bfc062723c751e8b465ee728b)  -> (artifact id: '584c1ce755e6d64b7c5b19de2036e98c') in 0.004672 seconds 
========================================================================
Received Import Request.
  Time since last request: 0.000051 seconds.
  path: Assets/Sprites/TilePalettes/free_83.asset
  artifactKey: Guid(191b00aa2a18f4e3c9de842c22eb31ae) Importer(815301076,1909f56bfc062723c751e8b465ee728b)
Start importing Assets/Sprites/TilePalettes/free_83.asset using Guid(191b00aa2a18f4e3c9de842c22eb31ae) Importer(815301076,1909f56bfc062723c751e8b465ee728b)  -> (artifact id: '6002d6a6bc0d44700fa42355992e7eed') in 0.003319 seconds 
========================================================================
Received Import Request.
  Time since last request: 0.000050 seconds.
  path: Assets/Sprites/TilePalettes/free_84.asset
  artifactKey: Guid(367fc5dbf95584d8d9fd7ebd81e4ff99) Importer(815301076,1909f56bfc062723c751e8b465ee728b)
Start importing Assets/Sprites/TilePalettes/free_84.asset using Guid(367fc5dbf95584d8d9fd7ebd81e4ff99) Importer(815301076,1909f56bfc062723c751e8b465ee728b)  -> (artifact id: 'c0f6d684f2287adf166de1e38357b543') in 0.004768 seconds 
========================================================================
Received Import Request.
  Time since last request: 0.000044 seconds.
  path: Assets/Sprites/TilePalettes/free_101.asset
  artifactKey: Guid(61757097169f84507bf6fe4a67e46480) Importer(815301076,1909f56bfc062723c751e8b465ee728b)
Start importing Assets/Sprites/TilePalettes/free_101.asset using Guid(61757097169f84507bf6fe4a67e46480) Importer(815301076,1909f56bfc062723c751e8b465ee728b)  -> (artifact id: '5ddda9fed102bb25b79abd002ea52b2e') in 0.003671 seconds 
========================================================================
Received Import Request.
  Time since last request: 0.000047 seconds.
  path: Assets/Sprites/TilePalettes/free_96.asset
  artifactKey: Guid(1aa5cff73b64547ccb74910410f0b02c) Importer(815301076,1909f56bfc062723c751e8b465ee728b)
Start importing Assets/Sprites/TilePalettes/free_96.asset using Guid(1aa5cff73b64547ccb74910410f0b02c) Importer(815301076,1909f56bfc062723c751e8b465ee728b)  -> (artifact id: '60e68dd5ef82731ef748fc7a1fa967dd') in 0.003931 seconds 
========================================================================
Received Import Request.
  Time since last request: 0.000057 seconds.
  path: Assets/Sprites/TilePalettes/free_90.asset
  artifactKey: Guid(5ade83d59d39142cda956092b92f070d) Importer(815301076,1909f56bfc062723c751e8b465ee728b)
Start importing Assets/Sprites/TilePalettes/free_90.asset using Guid(5ade83d59d39142cda956092b92f070d) Importer(815301076,1909f56bfc062723c751e8b465ee728b)  -> (artifact id: 'f67fe7415e20fe578e4928ce7f58c111') in 0.006837 seconds 
========================================================================
Received Import Request.
  Time since last request: 0.000040 seconds.
  path: Assets/Sprites/TilePalettes/free_86.asset
  artifactKey: Guid(655ace2c24faa44a0b61e4811f7ffe78) Importer(815301076,1909f56bfc062723c751e8b465ee728b)
Start importing Assets/Sprites/TilePalettes/free_86.asset using Guid(655ace2c24faa44a0b61e4811f7ffe78) Importer(815301076,1909f56bfc062723c751e8b465ee728b)  -> (artifact id: '9188cbf96813c1e35d722b18ed0f3398') in 0.004647 seconds 
========================================================================
Received Import Request.
  Time since last request: 0.000053 seconds.
  path: Assets/Sprites/TilePalettes/free_71.asset
  artifactKey: Guid(360dce9934e2a4a3f8d8917f1b7773e5) Importer(815301076,1909f56bfc062723c751e8b465ee728b)
Start importing Assets/Sprites/TilePalettes/free_71.asset using Guid(360dce9934e2a4a3f8d8917f1b7773e5) Importer(815301076,1909f56bfc062723c751e8b465ee728b)  -> (artifact id: 'eeac7d7e312e215d8f8a40a30be9397f') in 0.003880 seconds 
========================================================================
Received Import Request.
  Time since last request: 0.000085 seconds.
  path: Assets/Sprites/TilePalettes/free_105.asset
  artifactKey: Guid(e24775600934e48aaa9b376d46ded8d5) Importer(815301076,1909f56bfc062723c751e8b465ee728b)
Start importing Assets/Sprites/TilePalettes/free_105.asset using Guid(e24775600934e48aaa9b376d46ded8d5) Importer(815301076,1909f56bfc062723c751e8b465ee728b)  -> (artifact id: 'bad738fbd7ed3e53de05d41be7bf697b') in 0.004241 seconds 
========================================================================
Received Import Request.
  Time since last request: 0.000046 seconds.
  path: Assets/Sprites/TilePalettes/free_97.asset
  artifactKey: Guid(3bbe71d8ff90a471481d016ce9caf315) Importer(815301076,1909f56bfc062723c751e8b465ee728b)
Start importing Assets/Sprites/TilePalettes/free_97.asset using Guid(3bbe71d8ff90a471481d016ce9caf315) Importer(815301076,1909f56bfc062723c751e8b465ee728b)  -> (artifact id: '358953b88c8e003a3337996a6630976a') in 0.003787 seconds 
========================================================================
Received Import Request.
  Time since last request: 0.000050 seconds.
  path: Assets/Sprites/TilePalettes/free_58.asset
  artifactKey: Guid(74568ea41cda34605a3115c89c72f1a4) Importer(815301076,1909f56bfc062723c751e8b465ee728b)
Start importing Assets/Sprites/TilePalettes/free_58.asset using Guid(74568ea41cda34605a3115c89c72f1a4) Importer(815301076,1909f56bfc062723c751e8b465ee728b)  -> (artifact id: '5410bf9f55d6ea2fe9b35ffa2cf3e92c') in 0.003761 seconds 
========================================================================
Received Import Request.
  Time since last request: 0.000044 seconds.
  path: Assets/Sprites/TilePalettes/free_69.asset
  artifactKey: Guid(3412ea256b57a49e5a8fe79af072bd2f) Importer(815301076,1909f56bfc062723c751e8b465ee728b)
Start importing Assets/Sprites/TilePalettes/free_69.asset using Guid(3412ea256b57a49e5a8fe79af072bd2f) Importer(815301076,1909f56bfc062723c751e8b465ee728b)  -> (artifact id: '8d91a531a205fc7e1a3fc98c7e049235') in 0.004832 seconds 
========================================================================
Received Import Request.
  Time since last request: 0.000052 seconds.
  path: Assets/Sprites/TilePalettes/free_78.asset
  artifactKey: Guid(4dd29907353e9410abfdcc1285ebfa36) Importer(815301076,1909f56bfc062723c751e8b465ee728b)
Start importing Assets/Sprites/TilePalettes/free_78.asset using Guid(4dd29907353e9410abfdcc1285ebfa36) Importer(815301076,1909f56bfc062723c751e8b465ee728b)  -> (artifact id: '1daa5dae0e905281fea4aaff164f2dab') in 0.003240 seconds 
========================================================================
Received Import Request.
  Time since last request: 0.000050 seconds.
  path: Assets/Sprites/TilePalettes/free_95.asset
  artifactKey: Guid(e86ad9ad5da2e48babce45727a680c77) Importer(815301076,1909f56bfc062723c751e8b465ee728b)
Start importing Assets/Sprites/TilePalettes/free_95.asset using Guid(e86ad9ad5da2e48babce45727a680c77) Importer(815301076,1909f56bfc062723c751e8b465ee728b)  -> (artifact id: '63307b7263b9bc2db14507ba505314ac') in 0.003586 seconds 
========================================================================
Received Import Request.
  Time since last request: 0.000054 seconds.
  path: Assets/Sprites/TilePalettes/free_60.asset
  artifactKey: Guid(ba236a263710d41cf9b969e666dd538c) Importer(815301076,1909f56bfc062723c751e8b465ee728b)
Start importing Assets/Sprites/TilePalettes/free_60.asset using Guid(ba236a263710d41cf9b969e666dd538c) Importer(815301076,1909f56bfc062723c751e8b465ee728b)  -> (artifact id: '373d75e977ef276874d0d2a9d7e02e3c') in 0.003934 seconds 
========================================================================
Received Import Request.
  Time since last request: 0.000112 seconds.
  path: Assets/Sprites/TilePalettes/free_91.asset
  artifactKey: Guid(0b3583cd9ebd7447789f9e6ce0a46bfc) Importer(815301076,1909f56bfc062723c751e8b465ee728b)
Start importing Assets/Sprites/TilePalettes/free_91.asset using Guid(0b3583cd9ebd7447789f9e6ce0a46bfc) Importer(815301076,1909f56bfc062723c751e8b465ee728b)  -> (artifact id: 'cf127a686fd5be4c430ec08639b754a5') in 0.004195 seconds 
========================================================================
Received Import Request.
  Time since last request: 0.000037 seconds.
  path: Assets/Sprites/TilePalettes/free_50.asset
  artifactKey: Guid(276a7266436cd4b71983717a8fea5400) Importer(815301076,1909f56bfc062723c751e8b465ee728b)
Start importing Assets/Sprites/TilePalettes/free_50.asset using Guid(276a7266436cd4b71983717a8fea5400) Importer(815301076,1909f56bfc062723c751e8b465ee728b)  -> (artifact id: '2081486a40893ffe36bf5df9852a6ba5') in 0.003518 seconds 
========================================================================
Received Import Request.
  Time since last request: 0.000079 seconds.
  path: Assets/Sprites/TilePalettes/free_63.asset
  artifactKey: Guid(04ceaa655a25b4884aab973c5cf92a7a) Importer(815301076,1909f56bfc062723c751e8b465ee728b)
Start importing Assets/Sprites/TilePalettes/free_63.asset using Guid(04ceaa655a25b4884aab973c5cf92a7a) Importer(815301076,1909f56bfc062723c751e8b465ee728b)  -> (artifact id: 'a9c9935dc386655ffff876cc9f7daabe') in 0.004537 seconds 
========================================================================
Received Import Request.
  Time since last request: 0.000042 seconds.
  path: Assets/Sprites/TilePalettes/free_94.asset
  artifactKey: Guid(811b51ad459b44af2bbc5b72a170e813) Importer(815301076,1909f56bfc062723c751e8b465ee728b)
Start importing Assets/Sprites/TilePalettes/free_94.asset using Guid(811b51ad459b44af2bbc5b72a170e813) Importer(815301076,1909f56bfc062723c751e8b465ee728b)  -> (artifact id: '12a76502060b3f3f0a569c67e2b163d3') in 0.005516 seconds 
========================================================================
Received Import Request.
  Time since last request: 0.000056 seconds.
  path: Assets/Sprites/TilePalettes/free_75.asset
  artifactKey: Guid(bc8f902886ce44335b441f53589c9e82) Importer(815301076,1909f56bfc062723c751e8b465ee728b)
Start importing Assets/Sprites/TilePalettes/free_75.asset using Guid(bc8f902886ce44335b441f53589c9e82) Importer(815301076,1909f56bfc062723c751e8b465ee728b)  -> (artifact id: 'afa81cbe08ef5e0842458e426f039270') in 0.004195 seconds 
========================================================================
Received Import Request.
  Time since last request: 0.000046 seconds.
  path: Assets/Sprites/TilePalettes/free_81.asset
  artifactKey: Guid(5b594900415354e238269acac98e5ab8) Importer(815301076,1909f56bfc062723c751e8b465ee728b)
Start importing Assets/Sprites/TilePalettes/free_81.asset using Guid(5b594900415354e238269acac98e5ab8) Importer(815301076,1909f56bfc062723c751e8b465ee728b)  -> (artifact id: '9ddc5ea81c6267e683762c3a0d7d99b7') in 0.004287 seconds 
========================================================================
Received Import Request.
  Time since last request: 0.000040 seconds.
  path: Assets/Sprites/TilePalettes/free_88.asset
  artifactKey: Guid(716d70d750b204273970fff6d5abf260) Importer(815301076,1909f56bfc062723c751e8b465ee728b)
Start importing Assets/Sprites/TilePalettes/free_88.asset using Guid(716d70d750b204273970fff6d5abf260) Importer(815301076,1909f56bfc062723c751e8b465ee728b)  -> (artifact id: 'db93ddaf6d637a82416342aaaa082193') in 0.005025 seconds 
========================================================================
Received Import Request.
  Time since last request: 0.000057 seconds.
  path: Assets/Sprites/TilePalettes/free_85.asset
  artifactKey: Guid(518a7a14f1d904b92a076bff11f105fa) Importer(815301076,1909f56bfc062723c751e8b465ee728b)
Start importing Assets/Sprites/TilePalettes/free_85.asset using Guid(518a7a14f1d904b92a076bff11f105fa) Importer(815301076,1909f56bfc062723c751e8b465ee728b)  -> (artifact id: '57f36df1e3664cd1c449cc0e3263c06c') in 0.003636 seconds 
========================================================================
Received Import Request.
  Time since last request: 0.000052 seconds.
  path: Assets/Sprites/TilePalettes/free_98.asset
  artifactKey: Guid(a5978c82c9654482db80c294913a8d20) Importer(815301076,1909f56bfc062723c751e8b465ee728b)
Start importing Assets/Sprites/TilePalettes/free_98.asset using Guid(a5978c82c9654482db80c294913a8d20) Importer(815301076,1909f56bfc062723c751e8b465ee728b)  -> (artifact id: 'dc6ca108454fd5fd16eb0e58a6c937c7') in 0.003445 seconds 
